<?xml version="1.0" encoding="UTF-8"?>
<!-- Generated by org.testng.reporters.JUnitReportReporter -->
<testsuite skipped="0" hostname="DESKTOP-D8R5MVD" name="Tests.Task" tests="1" failures="0" timestamp="22 May 2021 18:13:21 GMT" time="28.214" errors="0">
  <testcase name="Verify" time="28.214" classname="Tests.Task"/>
</testsuite> <!-- Tests.Task -->
